<?xml version="1.0" encoding="UTF-8"?>
<testng-results skipped="0" failed="1" total="1" passed="0">
  <reporter-output>
  </reporter-output>
  <suite name="Default suite" duration-ms="131797" started-at="2014-11-20T13:20:30Z" finished-at="2014-11-20T13:22:42Z">
    <groups>
    </groups>
    <test name="Default test" duration-ms="131797" started-at="2014-11-20T13:20:30Z" finished-at="2014-11-20T13:22:42Z">
      <class name="com.rr.gui.xmpp.SmackCcsClientTest">
        <test-method status="FAIL" signature="test()[pri:0, instance:com.rr.gui.xmpp.SmackCcsClientTest@7d0144a]" name="test" duration-ms="131783" started-at="2014-11-20T14:20:30Z" finished-at="2014-11-20T14:22:42Z">
          <exception class="org.jivesoftware.smack.SmackException$ConnectionException">
            <full-stacktrace>
              <![CDATA[org.jivesoftware.smack.SmackException$ConnectionException
	at org.jivesoftware.smack.tcp.XMPPTCPConnection.connectUsingConfiguration(XMPPTCPConnection.java:436)
	at org.jivesoftware.smack.tcp.XMPPTCPConnection.connectInternal(XMPPTCPConnection.java:811)
	at org.jivesoftware.smack.XMPPConnection.connect(XMPPConnection.java:396)
	at com.rr.gui.xmpp.SmackCcsClient.connect(SmackCcsClient.java:245)
	at com.rr.gui.xmpp.SmackCcsClientTest.test(SmackCcsClientTest.java:20)
	at sun.reflect.NativeMethodAccessorImpl.invoke0(Native Method)
	at sun.reflect.NativeMethodAccessorImpl.invoke(NativeMethodAccessorImpl.java:57)
	at sun.reflect.DelegatingMethodAccessorImpl.invoke(DelegatingMethodAccessorImpl.java:43)
	at java.lang.reflect.Method.invoke(Method.java:606)
	at org.testng.internal.MethodInvocationHelper.invokeMethod(MethodInvocationHelper.java:84)
	at org.testng.internal.Invoker.invokeMethod(Invoker.java:714)
	at org.testng.internal.Invoker.invokeTestMethod(Invoker.java:901)
	at org.testng.internal.Invoker.invokeTestMethods(Invoker.java:1231)
	at org.testng.internal.TestMethodWorker.invokeTestMethods(TestMethodWorker.java:127)
	at org.testng.internal.TestMethodWorker.run(TestMethodWorker.java:111)
	at org.testng.TestRunner.privateRun(TestRunner.java:767)
	at org.testng.TestRunner.run(TestRunner.java:617)
	at org.testng.SuiteRunner.runTest(SuiteRunner.java:335)
	at org.testng.SuiteRunner.runSequentially(SuiteRunner.java:330)
	at org.testng.SuiteRunner.privateRun(SuiteRunner.java:291)
	at org.testng.SuiteRunner.run(SuiteRunner.java:240)
	at org.testng.SuiteRunnerWorker.runSuite(SuiteRunnerWorker.java:52)
	at org.testng.SuiteRunnerWorker.run(SuiteRunnerWorker.java:86)
	at org.testng.TestNG.runSuitesSequentially(TestNG.java:1224)
	at org.testng.TestNG.runSuitesLocally(TestNG.java:1149)
	at org.testng.TestNG.run(TestNG.java:1057)
	at org.testng.remote.RemoteTestNG.run(RemoteTestNG.java:111)
	at org.testng.remote.RemoteTestNG.initAndRun(RemoteTestNG.java:204)
	at org.testng.remote.RemoteTestNG.main(RemoteTestNG.java:175)
]]>
            </full-stacktrace>
          </exception> <!-- org.jivesoftware.smack.SmackException$ConnectionException -->
          <reporter-output>
          </reporter-output>
        </test-method> <!-- test -->
      </class> <!-- com.rr.gui.xmpp.SmackCcsClientTest -->
    </test> <!-- Default test -->
  </suite> <!-- Default suite -->
</testng-results>
